[0.008s] Invoking command in '/home/navdeep/my_gazebo_tutorials/build/walker': CMAKE_PREFIX_PATH=/opt/ros/humble /usr/bin/cmake /home/navdeep/my_gazebo_tutorials/walker -DCMAKE_EXPORT_COMPILE_COMMANDS=ON -DCMAKE_INSTALL_PREFIX=/home/navdeep/my_gazebo_tutorials/install/walker
[0.052s] -- The C compiler identification is GNU 11.4.0
[0.095s] -- The CXX compiler identification is GNU 11.4.0
[0.102s] -- Detecting C compiler ABI info
[0.163s] -- Detecting C compiler ABI info - done
[0.168s] -- Check for working C compiler: /usr/bin/cc - skipped
[0.168s] -- Detecting C compile features
[0.168s] -- Detecting C compile features - done
[0.170s] -- Detecting CXX compiler ABI info
[0.239s] -- Detecting CXX compiler ABI info - done
[0.243s] -- Check for working CXX compiler: /usr/bin/c++ - skipped
[0.243s] -- Detecting CXX compile features
[0.244s] -- Detecting CXX compile features - done
[0.246s] -- Found ament_cmake: 1.3.10 (/opt/ros/humble/share/ament_cmake/cmake)
[0.353s] -- Found Python3: /usr/bin/python3 (found version "3.10.12") found components: Interpreter 
[0.419s] -- Found sensor_msgs: 4.2.4 (/opt/ros/humble/share/sensor_msgs/cmake)
[0.445s] -- Found rosidl_generator_c: 3.1.5 (/opt/ros/humble/share/rosidl_generator_c/cmake)
[0.449s] -- Found rosidl_adapter: 3.1.5 (/opt/ros/humble/share/rosidl_adapter/cmake)
[0.455s] -- Found rosidl_generator_cpp: 3.1.5 (/opt/ros/humble/share/rosidl_generator_cpp/cmake)
[0.463s] -- Using all available rosidl_typesupport_c: rosidl_typesupport_fastrtps_c;rosidl_typesupport_introspection_c
[0.474s] -- Using all available rosidl_typesupport_cpp: rosidl_typesupport_fastrtps_cpp;rosidl_typesupport_introspection_cpp
[0.514s] -- Found rclcpp: 16.0.10 (/opt/ros/humble/share/rclcpp/cmake)
[0.542s] -- Found rmw_implementation_cmake: 6.1.2 (/opt/ros/humble/share/rmw_implementation_cmake/cmake)
[0.544s] -- Found rmw_fastrtps_cpp: 6.2.7 (/opt/ros/humble/share/rmw_fastrtps_cpp/cmake)
[0.621s] -- Found OpenSSL: /usr/lib/x86_64-linux-gnu/libcrypto.so (found version "3.0.2")  
[0.645s] -- Found FastRTPS: /opt/ros/humble/include  
[0.681s] -- Using RMW implementation 'rmw_fastrtps_cpp' as default
[0.688s] -- Looking for pthread.h
[0.751s] -- Looking for pthread.h - found
[0.752s] -- Performing Test CMAKE_HAVE_LIBC_PTHREAD
[0.814s] -- Performing Test CMAKE_HAVE_LIBC_PTHREAD - Success
[0.815s] -- Found Threads: TRUE  
[0.843s] -- Found ament_lint_auto: 0.12.11 (/opt/ros/humble/share/ament_lint_auto/cmake)
[0.898s] -- Added test 'cppcheck' to perform static code analysis on C / C++ code
[0.898s] -- Configured cppcheck include dirs: $<BUILD_INTERFACE:/home/navdeep/my_gazebo_tutorials/walker/include>
[0.898s] -- Configured cppcheck exclude dirs and/or files: 
[0.898s] -- Added test 'flake8' to check Python code syntax and style conventions
[0.899s] -- Added test 'lint_cmake' to check CMake code style
[0.899s] -- Added test 'pep257' to check Python code against some of the docstring style conventions in PEP 257
[0.900s] -- Added test 'uncrustify' to check C / C++ code style
[0.900s] -- Configured uncrustify additional arguments: 
[0.901s] -- Added test 'xmllint' to check XML markup files
[0.902s] -- Configuring done
[0.910s] -- Generating done
[0.911s] -- Build files have been written to: /home/navdeep/my_gazebo_tutorials/build/walker
[0.920s] Invoked command in '/home/navdeep/my_gazebo_tutorials/build/walker' returned '0': CMAKE_PREFIX_PATH=/opt/ros/humble /usr/bin/cmake /home/navdeep/my_gazebo_tutorials/walker -DCMAKE_EXPORT_COMPILE_COMMANDS=ON -DCMAKE_INSTALL_PREFIX=/home/navdeep/my_gazebo_tutorials/install/walker
[0.922s] Invoking command in '/home/navdeep/my_gazebo_tutorials/build/walker': CMAKE_PREFIX_PATH=/opt/ros/humble /usr/bin/cmake --build /home/navdeep/my_gazebo_tutorials/build/walker -- -j16 -l16
[0.966s] [ 66%] [32mBuilding CXX object CMakeFiles/robot_control.dir/src/robot_control.cpp.o[0m
[0.966s] [ 66%] [32mBuilding CXX object CMakeFiles/robot_control.dir/src/robot_states.cpp.o[0m
[7.620s] [100%] [32m[1mLinking CXX executable robot_control[0m
[7.896s] [100%] Built target robot_control
[7.907s] Invoked command in '/home/navdeep/my_gazebo_tutorials/build/walker' returned '0': CMAKE_PREFIX_PATH=/opt/ros/humble /usr/bin/cmake --build /home/navdeep/my_gazebo_tutorials/build/walker -- -j16 -l16
[7.943s] Invoking command in '/home/navdeep/my_gazebo_tutorials/build/walker': CMAKE_PREFIX_PATH=/opt/ros/humble /usr/bin/cmake --install /home/navdeep/my_gazebo_tutorials/build/walker
[7.949s] -- Install configuration: ""
[7.949s] -- Installing: /home/navdeep/my_gazebo_tutorials/install/walker/lib/walker/robot_control
[7.953s] -- Set runtime path of "/home/navdeep/my_gazebo_tutorials/install/walker/lib/walker/robot_control" to ""
[7.953s] -- Installing: /home/navdeep/my_gazebo_tutorials/install/walker/include/
[7.953s] -- Installing: /home/navdeep/my_gazebo_tutorials/install/walker/include//walker
[7.953s] -- Installing: /home/navdeep/my_gazebo_tutorials/install/walker/include//walker/robot_control.hpp
[7.953s] -- Installing: /home/navdeep/my_gazebo_tutorials/install/walker/include//walker/robot_states.hpp
[7.953s] -- Installing: /home/navdeep/my_gazebo_tutorials/install/walker/share/walker/launch
[7.953s] -- Installing: /home/navdeep/my_gazebo_tutorials/install/walker/share/walker/launch/walker_launch.py
[7.953s] -- Installing: /home/navdeep/my_gazebo_tutorials/install/walker/share/ament_index/resource_index/package_run_dependencies/walker
[7.953s] -- Installing: /home/navdeep/my_gazebo_tutorials/install/walker/share/ament_index/resource_index/parent_prefix_path/walker
[7.954s] -- Installing: /home/navdeep/my_gazebo_tutorials/install/walker/share/walker/environment/ament_prefix_path.sh
[7.954s] -- Installing: /home/navdeep/my_gazebo_tutorials/install/walker/share/walker/environment/ament_prefix_path.dsv
[7.954s] -- Installing: /home/navdeep/my_gazebo_tutorials/install/walker/share/walker/environment/path.sh
[7.954s] -- Installing: /home/navdeep/my_gazebo_tutorials/install/walker/share/walker/environment/path.dsv
[7.954s] -- Installing: /home/navdeep/my_gazebo_tutorials/install/walker/share/walker/local_setup.bash
[7.954s] -- Installing: /home/navdeep/my_gazebo_tutorials/install/walker/share/walker/local_setup.sh
[7.954s] -- Installing: /home/navdeep/my_gazebo_tutorials/install/walker/share/walker/local_setup.zsh
[7.954s] -- Installing: /home/navdeep/my_gazebo_tutorials/install/walker/share/walker/local_setup.dsv
[7.954s] -- Installing: /home/navdeep/my_gazebo_tutorials/install/walker/share/walker/package.dsv
[7.955s] -- Installing: /home/navdeep/my_gazebo_tutorials/install/walker/share/ament_index/resource_index/packages/walker
[7.955s] -- Installing: /home/navdeep/my_gazebo_tutorials/install/walker/share/walker/cmake/walkerConfig.cmake
[7.955s] -- Installing: /home/navdeep/my_gazebo_tutorials/install/walker/share/walker/cmake/walkerConfig-version.cmake
[7.955s] -- Installing: /home/navdeep/my_gazebo_tutorials/install/walker/share/walker/package.xml
[7.958s] Invoked command in '/home/navdeep/my_gazebo_tutorials/build/walker' returned '0': CMAKE_PREFIX_PATH=/opt/ros/humble /usr/bin/cmake --install /home/navdeep/my_gazebo_tutorials/build/walker
